The system is: Windows - 10.0.19043 - AMD64
Compiling the C compiler identification source file "CMakeCCompilerId.c" succeeded.
Compiler: C:/Program Files (x86)/Microsoft Visual Studio/2019/Community/VC/Tools/MSVC/14.28.29333/bin/Hostx86/x86/cl.exe 
Build flags: 
Id flags:  

The output was:
0
Microsoft (R) C/C++ Optimizing Compiler Version 19.28.29337 for x86
Copyright (C) Microsoft Corporation.  All rights reserved.

CMakeCCompilerId.c
Microsoft (R) Incremental Linker Version 14.28.29337.0
Copyright (C) Microsoft Corporation.  All rights reserved.

/out:CMakeCCompilerId.exe 
CMakeCCompilerId.obj 


Compilation of the C compiler identification source "CMakeCCompilerId.c" produced "CMakeCCompilerId.exe"

Compilation of the C compiler identification source "CMakeCCompilerId.c" produced "CMakeCCompilerId.obj"

The C compiler identification is MSVC, found in "C:/Users/jonat/CLionProjects/untitled3/cmake-build-debug/CMakeFiles/3.17.5/CompilerIdC/CMakeCCompilerId.exe"

Determining if the C compiler works passed with the following output:
Change Dir: C:/Users/jonat/CLionProjects/untitled3/cmake-build-debug/CMakeFiles/CMakeTmp

Run Build Command(s):nmake /nologo cmTC_08e72\fast && 	"C:\Program Files (x86)\Microsoft Visual Studio\2019\Community\VC\Tools\MSVC\14.28.29333\bin\HostX86\x86\nmake.exe"  -f CMakeFiles\cmTC_08e72.dir\build.make /nologo -L                  CMakeFiles\cmTC_08e72.dir\build
Building C object CMakeFiles/cmTC_08e72.dir/testCCompiler.c.obj
	C:\PROGRA~2\MICROS~4\2019\COMMUN~1\VC\Tools\MSVC\1428~1.293\bin\Hostx86\x86\cl.exe @C:\Users\jonat\AppData\Local\Temp\nm9FB9.tmp
testCCompiler.c
Linking C executable cmTC_08e72.exe
	"C:\Program Files\JetBrains\CLion 2020.3.2\bin\cmake\win\bin\cmake.exe" -E vs_link_exe --intdir=CMakeFiles\cmTC_08e72.dir --rc=C:\PROGRA~2\WI3CF2~1\10\bin\100183~1.0\x86\rc.exe --mt=C:\PROGRA~2\WI3CF2~1\10\bin\100183~1.0\x86\mt.exe --manifests  -- C:\PROGRA~2\MICROS~4\2019\COMMUN~1\VC\Tools\MSVC\1428~1.293\bin\Hostx86\x86\link.exe /nologo @CMakeFiles\cmTC_08e72.dir\objects1.rsp @C:\Users\jonat\AppData\Local\Temp\nmA269.tmp



Detecting C compiler ABI info compiled with the following output:
Change Dir: C:/Users/jonat/CLionProjects/untitled3/cmake-build-debug/CMakeFiles/CMakeTmp

Run Build Command(s):nmake /nologo cmTC_f045b\fast && 	"C:\Program Files (x86)\Microsoft Visual Studio\2019\Community\VC\Tools\MSVC\14.28.29333\bin\HostX86\x86\nmake.exe"  -f CMakeFiles\cmTC_f045b.dir\build.make /nologo -L                  CMakeFiles\cmTC_f045b.dir\build
Building C object CMakeFiles/cmTC_f045b.dir/CMakeCCompilerABI.c.obj
	C:\PROGRA~2\MICROS~4\2019\COMMUN~1\VC\Tools\MSVC\1428~1.293\bin\Hostx86\x86\cl.exe @C:\Users\jonat\AppData\Local\Temp\nmAD26.tmp
CMakeCCompilerABI.c
Linking C executable cmTC_f045b.exe
	"C:\Program Files\JetBrains\CLion 2020.3.2\bin\cmake\win\bin\cmake.exe" -E vs_link_exe --intdir=CMakeFiles\cmTC_f045b.dir --rc=C:\PROGRA~2\WI3CF2~1\10\bin\100183~1.0\x86\rc.exe --mt=C:\PROGRA~2\WI3CF2~1\10\bin\100183~1.0\x86\mt.exe --manifests  -- C:\PROGRA~2\MICROS~4\2019\COMMUN~1\VC\Tools\MSVC\1428~1.293\bin\Hostx86\x86\link.exe /nologo @CMakeFiles\cmTC_f045b.dir\objects1.rsp @C:\Users\jonat\AppData\Local\Temp\nmAEAE.tmp



